<?xml version="1.0" encoding="UTF-8"?>
<!-- Generated by org.testng.reporters.JUnitXMLReporter -->
<testsuite hostname="Piyush" ignored="0" name="ProviderTest" tests="6" failures="0" timestamp="19 Jul 2022 14:18:10 GMT" time="67.696" errors="0">
  <testcase name="@AfterTest afterSuite" time="0.52" classname="core.Page">
    <failure type="java.lang.NoClassDefFoundError" message="com/sun/mail/util/MailLogger">
      <![CDATA[java.lang.NoClassDefFoundError: com/sun/mail/util/MailLogger
	at javax.mail.Session.initLogger(Session.java:261)
	at javax.mail.Session.<init>(Session.java:245)
	at javax.mail.Session.getDefaultInstance(Session.java:356)
	at utility.monitoringMail.sendMail(monitoringMail.java:44)
	at core.Page.afterSuite(Page.java:122)
Caused by: java.lang.ClassNotFoundException: com.sun.mail.util.MailLogger
	at java.net.URLClassLoader.findClass(Unknown Source)
	at java.lang.ClassLoader.loadClass(Unknown Source)
	at sun.misc.Launcher$AppClassLoader.loadClass(Unknown Source)
	at java.lang.ClassLoader.loadClass(Unknown Source)
	... 28 more
... Removed 23 stack frames]]>
    </failure>
  </testcase> <!-- @AfterTest afterSuite -->
  <testcase name="signin" time="4.873" classname="testcases.LoginTestProvider"/>
  <testcase name="signin" time="0.002" classname="testcases.LoginTestProvider">
    <skipped/>
  </testcase> <!-- signin -->
  <testcase name="signin" time="4.646" classname="testcases.LoginTestProvider"/>
  <testcase name="logintest" time="0.005" classname="testcases.LoginTestProvider">
    <skipped/>
  </testcase> <!-- logintest -->
  <testcase name="logintest" time="2.173" classname="testcases.LoginTestProvider"/>
  <testcase name="logintest" time="2.179" classname="testcases.LoginTestProvider"/>
</testsuite> <!-- ProviderTest -->
