<?xml version="1.0" encoding="UTF-8"?>
<!-- Generated by org.testng.reporters.JUnitXMLReporter -->
<testsuite hostname="Piyush" ignored="0" name="SeekerTest" tests="3" failures="0" timestamp="19 Jul 2022 14:18:37 GMT" time="27.15" errors="0">
  <testcase name="@AfterTest afterSuite" time="0.075" classname="core.Page">
    <failure type="java.lang.NoClassDefFoundError" message="com/sun/mail/util/MailLogger">
      <![CDATA[java.lang.NoClassDefFoundError: com/sun/mail/util/MailLogger
	at javax.mail.Session.initLogger(Session.java:261)
	at javax.mail.Session.<init>(Session.java:245)
	at javax.mail.Session.getDefaultInstance(Session.java:356)
	at utility.monitoringMail.sendMail(monitoringMail.java:44)
	at core.Page.afterSuite(Page.java:122)
... Removed 23 stack frames]]>
    </failure>
  </testcase> <!-- @AfterTest afterSuite -->
  <testcase name="test" time="0.006" classname="testcases.LoginTestSeeker">
    <skipped/>
  </testcase> <!-- test -->
  <testcase name="test" time="1.599" classname="testcases.LoginTestSeeker"/>
  <testcase name="test" time="1.963" classname="testcases.LoginTestSeeker"/>
</testsuite> <!-- SeekerTest -->
