<?xml version="1.0" encoding="UTF-8"?>
<!-- Generated by org.testng.reporters.JUnitXMLReporter -->
<testsuite hostname="Piyush" ignored="0" name="Test" tests="3" failures="0" timestamp="14 Jul 2022 14:52:46 GMT" time="45.589" errors="0">
  <testcase name="test" time="8.299" classname="testcases.LoginTestProvider"/>
  <testcase name="test" time="2.225" classname="testcases.LoginTestProvider"/>
  <testcase name="test" time="1.796" classname="testcases.LoginTestProvider"/>
</testsuite> <!-- Test -->
