<?xml version="1.0" encoding="UTF-8"?>
<!-- Generated by org.testng.reporters.JUnitXMLReporter -->
<testsuite hostname="Piyush" ignored="0" name="ProviderTest" tests="6" failures="0" timestamp="2022-07-25T19:46:46 IST" time="60.132" errors="0">
  <testcase name="@AfterTest afterSuite" time="0.71" classname="core.Page">
    <failure type="java.lang.NoClassDefFoundError" message="com/sun/mail/util/MailLogger">
      <![CDATA[java.lang.NoClassDefFoundError: com/sun/mail/util/MailLogger
at javax.mail.Session.initLogger(Session.java:261)
at javax.mail.Session.<init>(Session.java:245)
at javax.mail.Session.getDefaultInstance(Session.java:356)
at utility.monitoringMail.sendMail(monitoringMail.java:44)
at core.Page.afterSuite(Page.java:122)
Caused by: java.lang.ClassNotFoundException: com.sun.mail.util.MailLogger
at java.net.URLClassLoader.findClass(URLClassLoader.java:382)
at java.lang.ClassLoader.loadClass(ClassLoader.java:418)
at sun.misc.Launcher$AppClassLoader.loadClass(Launcher.java:355)
at java.lang.ClassLoader.loadClass(ClassLoader.java:351)
... 33 more
... Removed 28 stack frames]]>
    </failure>
  </testcase> <!-- @AfterTest afterSuite -->
  <testcase name="signin" time="4.687" classname="testcases.LoginTestProvider"/>
  <testcase name="signin" time="0.001" classname="testcases.LoginTestProvider">
    <skipped/>
  </testcase> <!-- signin -->
  <testcase name="signin" time="4.306" classname="testcases.LoginTestProvider"/>
  <testcase name="logintest" time="0.001" classname="testcases.LoginTestProvider">
    <skipped/>
  </testcase> <!-- logintest -->
  <testcase name="logintest" time="2.706" classname="testcases.LoginTestProvider"/>
  <testcase name="logintest" time="2.0" classname="testcases.LoginTestProvider"/>
</testsuite> <!-- ProviderTest -->
