<?xml version="1.0" encoding="UTF-8"?>
<!-- Generated by org.testng.reporters.JUnitXMLReporter -->
<testsuite hostname="Piyush" ignored="0" name="SeekerTest" tests="3" failures="0" timestamp="2022-07-25T19:47:16 IST" time="30.44" errors="0">
  <testcase name="@AfterTest afterSuite" time="0.099" classname="core.Page">
    <failure type="java.lang.NoClassDefFoundError" message="com/sun/mail/util/MailLogger">
      <![CDATA[java.lang.NoClassDefFoundError: com/sun/mail/util/MailLogger
at javax.mail.Session.initLogger(Session.java:261)
at javax.mail.Session.<init>(Session.java:245)
at javax.mail.Session.getDefaultInstance(Session.java:356)
at utility.monitoringMail.sendMail(monitoringMail.java:44)
at core.Page.afterSuite(Page.java:122)
... Removed 28 stack frames]]>
    </failure>
  </testcase> <!-- @AfterTest afterSuite -->
  <testcase name="test" time="0.001" classname="testcases.LoginTestSeeker">
    <skipped/>
  </testcase> <!-- test -->
  <testcase name="test" time="2.291" classname="testcases.LoginTestSeeker"/>
  <testcase name="test" time="1.478" classname="testcases.LoginTestSeeker"/>
</testsuite> <!-- SeekerTest -->
